<?xml version='1.0' encoding='UTF-8'?>
<testsuite hostname="DESKTOP-LK0JO8M" name="sutd.compiler.simp.TestDF" tests="6" errors="0" failures="0" skipped="0" time="0.161" timestamp="2023-11-20T21:27:18">
          <properties>
[...]
</properties>
          <testcase classname="sutd.compiler.simp.TestDF" name="testing buildDomTree 1" time="0.118">
                      
                    </testcase><testcase classname="sutd.compiler.simp.TestDF" name="testing buildDomTree 2" time="0.002">
                      
                    </testcase><testcase classname="sutd.compiler.simp.TestDF" name="testing buildDomTree 3" time="0.006">
                      
                    </testcase><testcase classname="sutd.compiler.simp.TestDF" name="test buildDFT 1" time="0.031">
                      
                    </testcase><testcase classname="sutd.compiler.simp.TestDF" name="test buildDFT 2" time="0.003">
                      
                    </testcase><testcase classname="sutd.compiler.simp.TestDF" name="test buildDFT 3" time="0.001">
                      
                    </testcase>
          <system-out><![CDATA[]]></system-out>
          <system-err><![CDATA[]]></system-err>
        </testsuite>