<?xml version='1.0' encoding='UTF-8'?>
<testsuite hostname="DESKTOP-LK0JO8M" name="sutd.compiler.simp.TestSSA" tests="3" errors="0" failures="2" skipped="0" time="1.42" timestamp="2023-11-21T23:15:08">
          <properties>
      <property name="java.specification.version" value="17"/><property name="sun.jnu.encoding" value="UTF-8"/><property name="sun.arch.data.model" value="64"/><property name="java.vendor.url" value="Unknown"/><property name="sun.boot.library.path" value="/usr/lib/jvm/java-17-openjdk-amd64/lib"/><property name="sun.java.command" value="/home/ufutgs/.cache/coursier/arc/https/github.com/sbt/sbt/releases/download/v1.9.4/sbt-1.9.4.zip/sbt/bin/sbt-launch.jar compile testOnly sutd.compiler.simp.TestSSA"/><property name="jdk.debug" value="release"/><property name="sun.stderr.encoding" value="UTF-8"/><property name="java.specification.vendor" value="Oracle Corporation"/><property name="java.version.date" value="2022-10-18"/><property name="java.home" value="/usr/lib/jvm/java-17-openjdk-amd64"/><property name="file.separator" value="/"/><property name="java.vm.compressedOopsMode" value="32-bit"/><property name="line.separator" value="
"/><property name="sun.stdout.encoding" value="UTF-8"/><property name="java.vm.specification.vendor" value="Oracle Corporation"/><property name="java.specification.name" value="Java Platform API Specification"/><property name="sun.management.compiler" value="HotSpot 64-Bit Tiered Compilers"/><property name="java.runtime.version" value="17.0.5+8-Ubuntu-2ubuntu122.04"/><property name="user.name" value="ufutgs"/><property name="log4j.ignoreTCL" value="true"/><property name="file.encoding" value="UTF-8"/><property name="jnidispatch.path" value="/home/ufutgs/.cache/JNA/temp/jna12095933156962421292.tmp"/><property name="jna.loaded" value="true"/><property name="java.io.tmpdir" value="/tmp"/><property name="java.version" value="17.0.5"/><property name="java.vm.specification.name" value="Java Virtual Machine Specification"/><property name="native.encoding" value="UTF-8"/><property name="java.library.path" value="/usr/java/packages/lib:/usr/lib/x86_64-linux-gnu/jni:/lib/x86_64-linux-gnu:/usr/lib/x86_64-linux-gnu:/usr/lib/jni:/lib:/usr/lib"/><property name="java.vendor" value="Private Build"/><property name="scala.ext.dirs" value="/home/ufutgs/.sbt/1.0/java9-rt-ext-private_build_17_0_5"/><property name="sun.io.unicode.encoding" value="UnicodeLittle"/><property name="java.class.path" value="/home/ufutgs/.cache/coursier/arc/https/github.com/sbt/sbt/releases/download/v1.9.4/sbt-1.9.4.zip/sbt/bin/sbt-launch.jar"/><property name="java.vm.vendor" value="Private Build"/><property name="jline.shutdownhook" value="false"/><property name="user.timezone" value="Asia/Singapore"/><property name="java.vm.specification.version" value="17"/><property name="os.name" value="Linux"/><property name="sun.java.launcher" value="SUN_STANDARD"/><property name="sun.cpu.endian" value="little"/><property name="user.home" value="/home/ufutgs"/><property name="user.language" value="en"/><property name="sbt.script" value="/home/ufutgs/.cache/coursier/arc/https/github.com/sbt/sbt/releases/download/v1.9.4/sbt-1.9.4.zip/sbt/bin/sbt"/><property name="sbt.ipcsocket.tmpdir" value="/mnt/wslg/runtime-dir/.sbt2663a4c1/ipcsocket"/><property name="swoval.tmpdir" value="/mnt/wslg/runtime-dir/.sbt2663a4c1/swoval"/><property name="jline.esc.timeout" value="0"/><property name="path.separator" value=":"/><property name="os.version" value="5.15.133.1-microsoft-standard-WSL2"/><property name="jna.nosys" value="true"/><property name="java.runtime.name" value="OpenJDK Runtime Environment"/><property name="java.vm.name" value="OpenJDK 64-Bit Server VM"/><property name="jna.platform.library.path" value="/usr/lib/x86_64-linux-gnu:/lib/x86_64-linux-gnu:/usr/lib64:/lib64:/usr/lib:/lib:/usr/lib/wsl/lib:/usr/lib/x86_64-linux-gnu/libfakeroot"/><property name="java.vendor.url.bug" value="Unknown"/><property name="user.dir" value="/mnt/c/Users/user/Desktop/project/simp_lab3"/><property name="os.arch" value="amd64"/><property name="java.vm.info" value="mixed mode, sharing"/><property name="java.vm.version" value="17.0.5+8-Ubuntu-2ubuntu122.04"/><property name="java.class.version" value="61.0"/>
    </properties>
          <testcase classname="sutd.compiler.simp.TestSSA" name="testing buildSSA 1" time="1.165">
                      
                    </testcase><testcase classname="sutd.compiler.simp.TestSSA" name="testing buildSSA 2" time="0.232">
                      <failure message="List((1,List(),IMove(Temp(AVar(x_1)),Temp(AVar(input)))), (2,List(),IMove(Temp(AVar(f_1)),IntLit(0))), (3,List(),IMove(Temp(AVar(s_1)),IntLit(1))), (4,List(),IMove(Temp(AVar(c_1)),IntLit(0))), (5,List(),IMove(Temp(AVar(t_1)),IntLit(0))), (6,List(PhiAssignment(Temp(AVar(c_2)),List((5,AVar(c_1)), (12,AVar(c_3))),Temp(AVar(c))), PhiAssignment(Temp(AVar(s_2)),List((5,AVar(s_1)), (12,AVar(s_3))),Temp(AVar(s))), PhiAssignment(Temp(AVar(f_2)),List((5,AVar(f_1)), (12,AVar(f_3))),Temp(AVar(f))), PhiAssignment(Temp(AVar(t_2)),List((5,AVar(t_1)), (12,AVar(t_3))),Temp(AVar(t)))),ILThan(Temp(AVar(b_1)),Temp(AVar(c_2)),Temp(AVar(x_1)))), (7,List(),IIfNot(Temp(AVar(b_1)),13)), (8,List(),IMove(Temp(AVar(t_3)),Temp(AVar(f_2)))), (9,List(),IMove(Temp(AVar(f_3)),Temp(AVar(s_2)))), (10,List(),IPlus(Temp(AVar(s_3)),Temp(AVar(t_3)),Temp(AVar(f_3)))), (11,List(),IPlus(Temp(AVar(c_3)),Temp(AVar(c_2)),IntLit(1))), (12,List(),IGoto(6)), (13,List(),IMove(Regstr(_r_ret),Temp(AVar(s_2)))), (14,List(),IRet)) did not equal List((1,List(),IMove(Temp(AVar(x_1)),Temp(AVar(input)))), (2,List(),IMove(Temp(AVar(f_1)),IntLit(0))), (3,List(),IMove(Temp(AVar(s_1)),IntLit(1))), (4,List(),IMove(Temp(AVar(c_1)),IntLit(0))), (5,List(),IMove(Temp(AVar(t_1)),IntLit(0))), (6,List(PhiAssignment(Temp(AVar(c_2)),List((5,AVar(c_1)), (12,AVar(c_3))),Temp(AVar(c))), PhiAssignment(Temp(AVar(f_2)),List((5,AVar(f_1)), (12,AVar(f_3))),Temp(AVar(f))), PhiAssignment(Temp(AVar(t_2)),List((5,AVar(t_1)), (12,AVar(t_3))),Temp(AVar(t))), PhiAssignment(Temp(AVar(s_2)),List((5,AVar(s_1)), (12,AVar(s_3))),Temp(AVar(s)))),ILThan(Temp(AVar(b_1)),Temp(AVar(c_2)),Temp(AVar(x_1)))), (7,List(),IIfNot(Temp(AVar(b_1)),13)), (8,List(),IMove(Temp(AVar(t_3)),Temp(AVar(f_2)))), (9,List(),IMove(Temp(AVar(f_3)),Temp(AVar(s_2)))), (10,List(),IPlus(Temp(AVar(s_3)),Temp(AVar(t_3)),Temp(AVar(f_3)))), (11,List(),IPlus(Temp(AVar(c_3)),Temp(AVar(c_2)),IntLit(1))), (12,List(),IGoto(6)), (13,List(),IMove(Regstr(_r_ret),Temp(AVar(s_2)))), (14,List(),IRet))" type="org.scalatest.exceptions.TestFailedException">org.scalatest.exceptions.TestFailedException: List((1,List(),IMove(Temp(AVar(x_1)),Temp(AVar(input)))), (2,List(),IMove(Temp(AVar(f_1)),IntLit(0))), (3,List(),IMove(Temp(AVar(s_1)),IntLit(1))), (4,List(),IMove(Temp(AVar(c_1)),IntLit(0))), (5,List(),IMove(Temp(AVar(t_1)),IntLit(0))), (6,List(PhiAssignment(Temp(AVar(c_2)),List((5,AVar(c_1)), (12,AVar(c_3))),Temp(AVar(c))), PhiAssignment(Temp(AVar(s_2)),List((5,AVar(s_1)), (12,AVar(s_3))),Temp(AVar(s))), PhiAssignment(Temp(AVar(f_2)),List((5,AVar(f_1)), (12,AVar(f_3))),Temp(AVar(f))), PhiAssignment(Temp(AVar(t_2)),List((5,AVar(t_1)), (12,AVar(t_3))),Temp(AVar(t)))),ILThan(Temp(AVar(b_1)),Temp(AVar(c_2)),Temp(AVar(x_1)))), (7,List(),IIfNot(Temp(AVar(b_1)),13)), (8,List(),IMove(Temp(AVar(t_3)),Temp(AVar(f_2)))), (9,List(),IMove(Temp(AVar(f_3)),Temp(AVar(s_2)))), (10,List(),IPlus(Temp(AVar(s_3)),Temp(AVar(t_3)),Temp(AVar(f_3)))), (11,List(),IPlus(Temp(AVar(c_3)),Temp(AVar(c_2)),IntLit(1))), (12,List(),IGoto(6)), (13,List(),IMove(Regstr(_r_ret),Temp(AVar(s_2)))), (14,List(),IRet)) did not equal List((1,List(),IMove(Temp(AVar(x_1)),Temp(AVar(input)))), (2,List(),IMove(Temp(AVar(f_1)),IntLit(0))), (3,List(),IMove(Temp(AVar(s_1)),IntLit(1))), (4,List(),IMove(Temp(AVar(c_1)),IntLit(0))), (5,List(),IMove(Temp(AVar(t_1)),IntLit(0))), (6,List(PhiAssignment(Temp(AVar(c_2)),List((5,AVar(c_1)), (12,AVar(c_3))),Temp(AVar(c))), PhiAssignment(Temp(AVar(f_2)),List((5,AVar(f_1)), (12,AVar(f_3))),Temp(AVar(f))), PhiAssignment(Temp(AVar(t_2)),List((5,AVar(t_1)), (12,AVar(t_3))),Temp(AVar(t))), PhiAssignment(Temp(AVar(s_2)),List((5,AVar(s_1)), (12,AVar(s_3))),Temp(AVar(s)))),ILThan(Temp(AVar(b_1)),Temp(AVar(c_2)),Temp(AVar(x_1)))), (7,List(),IIfNot(Temp(AVar(b_1)),13)), (8,List(),IMove(Temp(AVar(t_3)),Temp(AVar(f_2)))), (9,List(),IMove(Temp(AVar(f_3)),Temp(AVar(s_2)))), (10,List(),IPlus(Temp(AVar(s_3)),Temp(AVar(t_3)),Temp(AVar(f_3)))), (11,List(),IPlus(Temp(AVar(c_3)),Temp(AVar(c_2)),IntLit(1))), (12,List(),IGoto(6)), (13,List(),IMove(Regstr(_r_ret),Temp(AVar(s_2)))), (14,List(),IRet))
	at org.scalatest.Assertions.newAssertionFailedException(Assertions.scala:476)
	at org.scalatest.Assertions.newAssertionFailedException$(Assertions.scala:421)
	at org.scalatest.Assertions$.newAssertionFailedException(Assertions.scala:1385)
	at org.scalatest.Assertions$AssertionsHelper.macroAssert(Assertions.scala:1460)
	at sutd.compiler.simp.TestSSA.testFun$proxy2$1(TestSSA.scala:121)
	at sutd.compiler.simp.TestSSA.$init$$$anonfun$2(TestSSA.scala:55)
	at org.scalatest.funsuite.AnyFunSuiteLike.testImpl$$anonfun$1(AnyFunSuiteLike.scala:125)
	at org.scalatest.Transformer.apply$$anonfun$1(Transformer.scala:22)
	at org.scalatest.OutcomeOf.outcomeOf(OutcomeOf.scala:85)
	at org.scalatest.OutcomeOf.outcomeOf$(OutcomeOf.scala:31)
	at org.scalatest.OutcomeOf$.outcomeOf(OutcomeOf.scala:104)
	at org.scalatest.Transformer.apply(Transformer.scala:22)
	at org.scalatest.Transformer.apply(Transformer.scala:21)
	at org.scalatest.funsuite.AnyFunSuiteLike$$anon$1.apply(AnyFunSuiteLike.scala:206)
	at org.scalatest.TestSuite.withFixture(TestSuite.scala:196)
	at org.scalatest.TestSuite.withFixture$(TestSuite.scala:138)
	at org.scalatest.funsuite.AnyFunSuite.withFixture(AnyFunSuite.scala:1563)
	at org.scalatest.funsuite.AnyFunSuiteLike.invokeWithFixture$1(AnyFunSuiteLike.scala:212)
	at org.scalatest.funsuite.AnyFunSuiteLike.runTest$$anonfun$1(AnyFunSuiteLike.scala:216)
	at org.scalatest.SuperEngine.runTestImpl(Engine.scala:306)
	at org.scalatest.funsuite.AnyFunSuiteLike.runTest(AnyFunSuiteLike.scala:216)
	at org.scalatest.funsuite.AnyFunSuiteLike.runTest$(AnyFunSuiteLike.scala:47)
	at org.scalatest.funsuite.AnyFunSuite.runTest(AnyFunSuite.scala:1563)
	at org.scalatest.funsuite.AnyFunSuiteLike.runTests$$anonfun$1(AnyFunSuiteLike.scala:249)
	at org.scalatest.SuperEngine.traverseSubNodes$2$$anonfun$1(Engine.scala:413)
	at scala.runtime.function.JProcedure1.apply(JProcedure1.java:15)
	at scala.runtime.function.JProcedure1.apply(JProcedure1.java:10)
	at scala.collection.immutable.List.foreach(List.scala:333)
	at org.scalatest.SuperEngine.traverseSubNodes$1(Engine.scala:429)
	at org.scalatest.SuperEngine.runTestsInBranch(Engine.scala:396)
	at org.scalatest.SuperEngine.runTestsImpl(Engine.scala:475)
	at org.scalatest.funsuite.AnyFunSuiteLike.runTests(AnyFunSuiteLike.scala:249)
	at org.scalatest.funsuite.AnyFunSuiteLike.runTests$(AnyFunSuiteLike.scala:47)
	at org.scalatest.funsuite.AnyFunSuite.runTests(AnyFunSuite.scala:1563)
	at org.scalatest.Suite.run(Suite.scala:1112)
	at org.scalatest.Suite.run$(Suite.scala:563)
	at org.scalatest.funsuite.AnyFunSuite.org$scalatest$funsuite$AnyFunSuiteLike$$super$run(AnyFunSuite.scala:1563)
	at org.scalatest.funsuite.AnyFunSuiteLike.run$$anonfun$1(AnyFunSuiteLike.scala:253)
	at org.scalatest.SuperEngine.runImpl(Engine.scala:535)
	at org.scalatest.funsuite.AnyFunSuiteLike.run(AnyFunSuiteLike.scala:253)
	at org.scalatest.funsuite.AnyFunSuiteLike.run$(AnyFunSuiteLike.scala:47)
	at org.scalatest.funsuite.AnyFunSuite.run(AnyFunSuite.scala:1563)
	at org.scalatest.tools.Framework.org$scalatest$tools$Framework$$runSuite(Framework.scala:318)
	at org.scalatest.tools.Framework$ScalaTestTask.execute(Framework.scala:513)
	at sbt.TestRunner.runTest$1(TestFramework.scala:153)
	at sbt.TestRunner.run(TestFramework.scala:168)
	at sbt.TestFramework$$anon$3$$anonfun$$lessinit$greater$1.$anonfun$apply$1(TestFramework.scala:336)
	at sbt.TestFramework$.sbt$TestFramework$$withContextLoader(TestFramework.scala:296)
	at sbt.TestFramework$$anon$3$$anonfun$$lessinit$greater$1.apply(TestFramework.scala:336)
	at sbt.TestFramework$$anon$3$$anonfun$$lessinit$greater$1.apply(TestFramework.scala:336)
	at sbt.TestFunction.apply(TestFramework.scala:348)
	at sbt.Tests$.$anonfun$toTask$1(Tests.scala:436)
	at sbt.std.Transform$$anon$3.$anonfun$apply$2(Transform.scala:47)
	at sbt.std.Transform$$anon$4.work(Transform.scala:69)
	at sbt.Execute.$anonfun$submit$2(Execute.scala:283)
	at sbt.internal.util.ErrorHandling$.wideConvert(ErrorHandling.scala:24)
	at sbt.Execute.work(Execute.scala:292)
	at sbt.Execute.$anonfun$submit$1(Execute.scala:283)
	at sbt.ConcurrentRestrictions$$anon$4.$anonfun$submitValid$1(ConcurrentRestrictions.scala:265)
	at sbt.CompletionService$$anon$2.call(CompletionService.scala:65)
	at java.base/java.util.concurrent.FutureTask.run(FutureTask.java:264)
	at java.base/java.util.concurrent.Executors$RunnableAdapter.call(Executors.java:539)
	at java.base/java.util.concurrent.FutureTask.run(FutureTask.java:264)
	at java.base/java.util.concurrent.ThreadPoolExecutor.runWorker(ThreadPoolExecutor.java:1136)
	at java.base/java.util.concurrent.ThreadPoolExecutor$Worker.run(ThreadPoolExecutor.java:635)
	at java.base/java.lang.Thread.run(Thread.java:833)
</failure>
                    </testcase><testcase classname="sutd.compiler.simp.TestSSA" name="testing buildSSA 3" time="0.023">
                      <failure message="List((1,List(),IMove(Temp(AVar(x_1)),Temp(AVar(input)))), (2,List(),IMove(Temp(AVar(r_1)),IntLit(0))), (3,List(),IMove(Temp(AVar(i_1)),IntLit(0))), (4,List(PhiAssignment(Temp(AVar(i_2)),List((3,AVar(i_1)), (19,AVar(i_3))),Temp(AVar(i))), PhiAssignment(Temp(AVar(r_2)),List((3,AVar(r_1)), (19,AVar(r_3))),Temp(AVar(r)))),ILThan(Temp(AVar(b_1)),Temp(AVar(i_2)),Temp(AVar(x_1)))), (5,List(),IIfNot(Temp(AVar(b_1)),20)), (6,List(),IMove(Temp(AVar(f_1)),IntLit(0))), (7,List(),IMove(Temp(AVar(s_1)),IntLit(1))), (8,List(),IMove(Temp(AVar(j_1)),IntLit(0))), (9,List(),IMove(Temp(AVar(t_1)),IntLit(0))), (10,List(PhiAssignment(Temp(AVar(j_2)),List((9,AVar(j_1)), (16,AVar(j_3))),Temp(AVar(j))), PhiAssignment(Temp(AVar(s_2)),List((9,AVar(s_1)), (16,AVar(s_3))),Temp(AVar(s))), PhiAssignment(Temp(AVar(f_2)),List((9,AVar(f_1)), (16,AVar(f_3))),Temp(AVar(f))), PhiAssignment(Temp(AVar(t_2)),List((9,AVar(t_1)), (16,AVar(t_3))),Temp(AVar(t))), PhiAssignment(Temp(AVar(b_2)),List((9,AVar(b_1)), (16,AVar(b_3))),Temp(AVar(b)))),ILThan(Temp(AVar(b_3)),Temp(AVar(j_2)),Temp(AVar(i_2)))), (11,List(),IIfNot(Temp(AVar(b_3)),17)), (12,List(),IMove(Temp(AVar(t_3)),Temp(AVar(f_2)))), (13,List(),IMove(Temp(AVar(f_3)),Temp(AVar(s_2)))), (14,List(),IPlus(Temp(AVar(s_3)),Temp(AVar(t_3)),Temp(AVar(f_3)))), (15,List(),IPlus(Temp(AVar(j_3)),Temp(AVar(j_2)),IntLit(1))), (16,List(),IGoto(10)), (17,List(),IPlus(Temp(AVar(r_3)),Temp(AVar(r_2)),Temp(AVar(s_2)))), (18,List(),IPlus(Temp(AVar(i_3)),Temp(AVar(i_2)),IntLit(1))), (19,List(),IGoto(4)), (20,List(),IMove(Regstr(_r_ret),Temp(AVar(r_2)))), (21,List(),IRet)) did not equal List((1,List(),IMove(Temp(AVar(x_1)),Temp(AVar(input)))), (2,List(),IMove(Temp(AVar(r_1)),IntLit(0))), (3,List(),IMove(Temp(AVar(i_1)),IntLit(0))), (4,List(PhiAssignment(Temp(AVar(r_2)),List((3,AVar(r_1)), (19,AVar(r_3))),Temp(AVar(r))), PhiAssignment(Temp(AVar(i_2)),List((3,AVar(i_1)), (19,AVar(i_3))),Temp(AVar(i)))),ILThan(Temp(AVar(b_1)),Temp(AVar(i_2)),Temp(AVar(x_1)))), (5,List(),IIfNot(Temp(AVar(b_1)),20)), (6,List(),IMove(Temp(AVar(f_1)),IntLit(0))), (7,List(),IMove(Temp(AVar(s_1)),IntLit(1))), (8,List(),IMove(Temp(AVar(j_1)),IntLit(0))), (9,List(),IMove(Temp(AVar(t_1)),IntLit(0))), (10,List(PhiAssignment(Temp(AVar(b_2)),List((9,AVar(b_1)), (16,AVar(b_3))),Temp(AVar(b))), PhiAssignment(Temp(AVar(f_2)),List((9,AVar(f_1)), (16,AVar(f_3))),Temp(AVar(f))), PhiAssignment(Temp(AVar(t_2)),List((9,AVar(t_1)), (16,AVar(t_3))),Temp(AVar(t))), PhiAssignment(Temp(AVar(j_2)),List((9,AVar(j_1)), (16,AVar(j_3))),Temp(AVar(j))), PhiAssignment(Temp(AVar(s_2)),List((9,AVar(s_1)), (16,AVar(s_3))),Temp(AVar(s)))),ILThan(Temp(AVar(b_3)),Temp(AVar(j_2)),Temp(AVar(i_2)))), (11,List(),IIfNot(Temp(AVar(b_3)),17)), (12,List(),IMove(Temp(AVar(t_3)),Temp(AVar(f_2)))), (13,List(),IMove(Temp(AVar(f_3)),Temp(AVar(s_2)))), (14,List(),IPlus(Temp(AVar(s_3)),Temp(AVar(t_3)),Temp(AVar(f_3)))), (15,List(),IPlus(Temp(AVar(j_3)),Temp(AVar(j_2)),IntLit(1))), (16,List(),IGoto(10)), (17,List(),IPlus(Temp(AVar(r_3)),Temp(AVar(r_2)),Temp(AVar(s_2)))), (18,List(),IPlus(Temp(AVar(i_3)),Temp(AVar(i_2)),IntLit(1))), (19,List(),IGoto(4)), (20,List(),IMove(Regstr(_r_ret),Temp(AVar(r_2)))), (21,List(),IRet))" type="org.scalatest.exceptions.TestFailedException">org.scalatest.exceptions.TestFailedException: List((1,List(),IMove(Temp(AVar(x_1)),Temp(AVar(input)))), (2,List(),IMove(Temp(AVar(r_1)),IntLit(0))), (3,List(),IMove(Temp(AVar(i_1)),IntLit(0))), (4,List(PhiAssignment(Temp(AVar(i_2)),List((3,AVar(i_1)), (19,AVar(i_3))),Temp(AVar(i))), PhiAssignment(Temp(AVar(r_2)),List((3,AVar(r_1)), (19,AVar(r_3))),Temp(AVar(r)))),ILThan(Temp(AVar(b_1)),Temp(AVar(i_2)),Temp(AVar(x_1)))), (5,List(),IIfNot(Temp(AVar(b_1)),20)), (6,List(),IMove(Temp(AVar(f_1)),IntLit(0))), (7,List(),IMove(Temp(AVar(s_1)),IntLit(1))), (8,List(),IMove(Temp(AVar(j_1)),IntLit(0))), (9,List(),IMove(Temp(AVar(t_1)),IntLit(0))), (10,List(PhiAssignment(Temp(AVar(j_2)),List((9,AVar(j_1)), (16,AVar(j_3))),Temp(AVar(j))), PhiAssignment(Temp(AVar(s_2)),List((9,AVar(s_1)), (16,AVar(s_3))),Temp(AVar(s))), PhiAssignment(Temp(AVar(f_2)),List((9,AVar(f_1)), (16,AVar(f_3))),Temp(AVar(f))), PhiAssignment(Temp(AVar(t_2)),List((9,AVar(t_1)), (16,AVar(t_3))),Temp(AVar(t))), PhiAssignment(Temp(AVar(b_2)),List((9,AVar(b_1)), (16,AVar(b_3))),Temp(AVar(b)))),ILThan(Temp(AVar(b_3)),Temp(AVar(j_2)),Temp(AVar(i_2)))), (11,List(),IIfNot(Temp(AVar(b_3)),17)), (12,List(),IMove(Temp(AVar(t_3)),Temp(AVar(f_2)))), (13,List(),IMove(Temp(AVar(f_3)),Temp(AVar(s_2)))), (14,List(),IPlus(Temp(AVar(s_3)),Temp(AVar(t_3)),Temp(AVar(f_3)))), (15,List(),IPlus(Temp(AVar(j_3)),Temp(AVar(j_2)),IntLit(1))), (16,List(),IGoto(10)), (17,List(),IPlus(Temp(AVar(r_3)),Temp(AVar(r_2)),Temp(AVar(s_2)))), (18,List(),IPlus(Temp(AVar(i_3)),Temp(AVar(i_2)),IntLit(1))), (19,List(),IGoto(4)), (20,List(),IMove(Regstr(_r_ret),Temp(AVar(r_2)))), (21,List(),IRet)) did not equal List((1,List(),IMove(Temp(AVar(x_1)),Temp(AVar(input)))), (2,List(),IMove(Temp(AVar(r_1)),IntLit(0))), (3,List(),IMove(Temp(AVar(i_1)),IntLit(0))), (4,List(PhiAssignment(Temp(AVar(r_2)),List((3,AVar(r_1)), (19,AVar(r_3))),Temp(AVar(r))), PhiAssignment(Temp(AVar(i_2)),List((3,AVar(i_1)), (19,AVar(i_3))),Temp(AVar(i)))),ILThan(Temp(AVar(b_1)),Temp(AVar(i_2)),Temp(AVar(x_1)))), (5,List(),IIfNot(Temp(AVar(b_1)),20)), (6,List(),IMove(Temp(AVar(f_1)),IntLit(0))), (7,List(),IMove(Temp(AVar(s_1)),IntLit(1))), (8,List(),IMove(Temp(AVar(j_1)),IntLit(0))), (9,List(),IMove(Temp(AVar(t_1)),IntLit(0))), (10,List(PhiAssignment(Temp(AVar(b_2)),List((9,AVar(b_1)), (16,AVar(b_3))),Temp(AVar(b))), PhiAssignment(Temp(AVar(f_2)),List((9,AVar(f_1)), (16,AVar(f_3))),Temp(AVar(f))), PhiAssignment(Temp(AVar(t_2)),List((9,AVar(t_1)), (16,AVar(t_3))),Temp(AVar(t))), PhiAssignment(Temp(AVar(j_2)),List((9,AVar(j_1)), (16,AVar(j_3))),Temp(AVar(j))), PhiAssignment(Temp(AVar(s_2)),List((9,AVar(s_1)), (16,AVar(s_3))),Temp(AVar(s)))),ILThan(Temp(AVar(b_3)),Temp(AVar(j_2)),Temp(AVar(i_2)))), (11,List(),IIfNot(Temp(AVar(b_3)),17)), (12,List(),IMove(Temp(AVar(t_3)),Temp(AVar(f_2)))), (13,List(),IMove(Temp(AVar(f_3)),Temp(AVar(s_2)))), (14,List(),IPlus(Temp(AVar(s_3)),Temp(AVar(t_3)),Temp(AVar(f_3)))), (15,List(),IPlus(Temp(AVar(j_3)),Temp(AVar(j_2)),IntLit(1))), (16,List(),IGoto(10)), (17,List(),IPlus(Temp(AVar(r_3)),Temp(AVar(r_2)),Temp(AVar(s_2)))), (18,List(),IPlus(Temp(AVar(i_3)),Temp(AVar(i_2)),IntLit(1))), (19,List(),IGoto(4)), (20,List(),IMove(Regstr(_r_ret),Temp(AVar(r_2)))), (21,List(),IRet))
	at org.scalatest.Assertions.newAssertionFailedException(Assertions.scala:476)
	at org.scalatest.Assertions.newAssertionFailedException$(Assertions.scala:421)
	at org.scalatest.Assertions$.newAssertionFailedException(Assertions.scala:1385)
	at org.scalatest.Assertions$AssertionsHelper.macroAssert(Assertions.scala:1460)
	at sutd.compiler.simp.TestSSA.testFun$proxy3$1(TestSSA.scala:219)
	at sutd.compiler.simp.TestSSA.$init$$$anonfun$3(TestSSA.scala:126)
	at org.scalatest.funsuite.AnyFunSuiteLike.testImpl$$anonfun$1(AnyFunSuiteLike.scala:125)
	at org.scalatest.Transformer.apply$$anonfun$1(Transformer.scala:22)
	at org.scalatest.OutcomeOf.outcomeOf(OutcomeOf.scala:85)
	at org.scalatest.OutcomeOf.outcomeOf$(OutcomeOf.scala:31)
	at org.scalatest.OutcomeOf$.outcomeOf(OutcomeOf.scala:104)
	at org.scalatest.Transformer.apply(Transformer.scala:22)
	at org.scalatest.Transformer.apply(Transformer.scala:21)
	at org.scalatest.funsuite.AnyFunSuiteLike$$anon$1.apply(AnyFunSuiteLike.scala:206)
	at org.scalatest.TestSuite.withFixture(TestSuite.scala:196)
	at org.scalatest.TestSuite.withFixture$(TestSuite.scala:138)
	at org.scalatest.funsuite.AnyFunSuite.withFixture(AnyFunSuite.scala:1563)
	at org.scalatest.funsuite.AnyFunSuiteLike.invokeWithFixture$1(AnyFunSuiteLike.scala:212)
	at org.scalatest.funsuite.AnyFunSuiteLike.runTest$$anonfun$1(AnyFunSuiteLike.scala:216)
	at org.scalatest.SuperEngine.runTestImpl(Engine.scala:306)
	at org.scalatest.funsuite.AnyFunSuiteLike.runTest(AnyFunSuiteLike.scala:216)
	at org.scalatest.funsuite.AnyFunSuiteLike.runTest$(AnyFunSuiteLike.scala:47)
	at org.scalatest.funsuite.AnyFunSuite.runTest(AnyFunSuite.scala:1563)
	at org.scalatest.funsuite.AnyFunSuiteLike.runTests$$anonfun$1(AnyFunSuiteLike.scala:249)
	at org.scalatest.SuperEngine.traverseSubNodes$2$$anonfun$1(Engine.scala:413)
	at scala.runtime.function.JProcedure1.apply(JProcedure1.java:15)
	at scala.runtime.function.JProcedure1.apply(JProcedure1.java:10)
	at scala.collection.immutable.List.foreach(List.scala:333)
	at org.scalatest.SuperEngine.traverseSubNodes$1(Engine.scala:429)
	at org.scalatest.SuperEngine.runTestsInBranch(Engine.scala:396)
	at org.scalatest.SuperEngine.runTestsImpl(Engine.scala:475)
	at org.scalatest.funsuite.AnyFunSuiteLike.runTests(AnyFunSuiteLike.scala:249)
	at org.scalatest.funsuite.AnyFunSuiteLike.runTests$(AnyFunSuiteLike.scala:47)
	at org.scalatest.funsuite.AnyFunSuite.runTests(AnyFunSuite.scala:1563)
	at org.scalatest.Suite.run(Suite.scala:1112)
	at org.scalatest.Suite.run$(Suite.scala:563)
	at org.scalatest.funsuite.AnyFunSuite.org$scalatest$funsuite$AnyFunSuiteLike$$super$run(AnyFunSuite.scala:1563)
	at org.scalatest.funsuite.AnyFunSuiteLike.run$$anonfun$1(AnyFunSuiteLike.scala:253)
	at org.scalatest.SuperEngine.runImpl(Engine.scala:535)
	at org.scalatest.funsuite.AnyFunSuiteLike.run(AnyFunSuiteLike.scala:253)
	at org.scalatest.funsuite.AnyFunSuiteLike.run$(AnyFunSuiteLike.scala:47)
	at org.scalatest.funsuite.AnyFunSuite.run(AnyFunSuite.scala:1563)
	at org.scalatest.tools.Framework.org$scalatest$tools$Framework$$runSuite(Framework.scala:318)
	at org.scalatest.tools.Framework$ScalaTestTask.execute(Framework.scala:513)
	at sbt.TestRunner.runTest$1(TestFramework.scala:153)
	at sbt.TestRunner.run(TestFramework.scala:168)
	at sbt.TestFramework$$anon$3$$anonfun$$lessinit$greater$1.$anonfun$apply$1(TestFramework.scala:336)
	at sbt.TestFramework$.sbt$TestFramework$$withContextLoader(TestFramework.scala:296)
	at sbt.TestFramework$$anon$3$$anonfun$$lessinit$greater$1.apply(TestFramework.scala:336)
	at sbt.TestFramework$$anon$3$$anonfun$$lessinit$greater$1.apply(TestFramework.scala:336)
	at sbt.TestFunction.apply(TestFramework.scala:348)
	at sbt.Tests$.$anonfun$toTask$1(Tests.scala:436)
	at sbt.std.Transform$$anon$3.$anonfun$apply$2(Transform.scala:47)
	at sbt.std.Transform$$anon$4.work(Transform.scala:69)
	at sbt.Execute.$anonfun$submit$2(Execute.scala:283)
	at sbt.internal.util.ErrorHandling$.wideConvert(ErrorHandling.scala:24)
	at sbt.Execute.work(Execute.scala:292)
	at sbt.Execute.$anonfun$submit$1(Execute.scala:283)
	at sbt.ConcurrentRestrictions$$anon$4.$anonfun$submitValid$1(ConcurrentRestrictions.scala:265)
	at sbt.CompletionService$$anon$2.call(CompletionService.scala:65)
	at java.base/java.util.concurrent.FutureTask.run(FutureTask.java:264)
	at java.base/java.util.concurrent.Executors$RunnableAdapter.call(Executors.java:539)
	at java.base/java.util.concurrent.FutureTask.run(FutureTask.java:264)
	at java.base/java.util.concurrent.ThreadPoolExecutor.runWorker(ThreadPoolExecutor.java:1136)
	at java.base/java.util.concurrent.ThreadPoolExecutor$Worker.run(ThreadPoolExecutor.java:635)
	at java.base/java.lang.Thread.run(Thread.java:833)
</failure>
                    </testcase>
          <system-out><![CDATA[]]></system-out>
          <system-err><![CDATA[]]></system-err>
        </testsuite>